<?xml version="1.0" encoding="UTF-8"?>
<!-- Generated by org.testng.reporters.JUnitReportReporter -->
<testsuite hostname="CHNSHL553462L" failures="0" tests="1" name="Bank.testCases.TC_LoginTest_001" time="6.208" errors="0" timestamp="2022-06-15T11:48:57 IST" skipped="0">
  <testcase classname="Bank.testCases.TC_LoginTest_001" name="liginTest" time="6.208"/>
  <system-out/>
</testsuite> <!-- Bank.testCases.TC_LoginTest_001 -->
